{"uid":"b32794de9ee9529a","name":"Delete immunization event for a patient through batch file","fullName":"features.batchTests.Steps.test_delete_batch_steps#test_delete_immunization_event_for_a_patient_through_batch_file","historyId":"401d64f3c83e9b7f91d6d306932c8807","time":{"start":1769187498678,"stop":1769187623090,"duration":124412},"description":"/home/runner/work/immunisation-fhir-api/immunisation-fhir-api/tests/e2e_automation/features/batchTests/delete_batch.feature: Delete immunization event for a patient through batch file","descriptionHtml":"<p>/home/runner/work/immunisation-fhir-api/immunisation-fhir-api/tests/e2e_automation/features/batchTests/delete_batch.feature: Delete immunization event for a patient through batch file</p>\n","status":"failed","statusMessage":"AssertionError: File not found in archive after timeout","statusTrace":"fixturefunc = <function batch_file_upload_in_s3_bucket at 0x7fc38568c4a0>\nrequest = <FixtureRequest for <Function test_delete_immunization_event_for_a_patient_through_batch_file>>\nkwargs = {'context': <utilities.context.ScenarioContext object at 0x7fc381f60290>}\n\n    def call_fixture_func(\n        fixturefunc: _FixtureFunc[FixtureValue], request: FixtureRequest, kwargs\n    ) -> FixtureValue:\n        if is_generator(fixturefunc):\n            fixturefunc = cast(\n                Callable[..., Generator[FixtureValue, None, None]], fixturefunc\n            )\n            generator = fixturefunc(**kwargs)\n            try:\n                fixture_result = next(generator)\n            except StopIteration:\n                raise ValueError(f\"{request.fixturename} did not yield a value\") from None\n            finalizer = functools.partial(_teardown_yield_fixture, fixturefunc, generator)\n            request.addfinalizer(finalizer)\n        else:\n            fixturefunc = cast(Callable[..., FixtureValue], fixturefunc)\n>           fixture_result = fixturefunc(**kwargs)\n\n/home/runner/.cache/pypoetry/virtualenvs/e2e-automation-vB3pK5nq-py3.11/lib/python3.11/site-packages/_pytest/fixtures.py:898: \n_ _ _ _ _ _ _ _ _ _ _ _ _ _ _ _ _ _ _ _ _ _ _ _ _ _ _ _ _ _ _ _ _ _ _ _ _ _ _ _ \nfeatures/batchTests/Steps/batch_common_steps.py:76: in wrapper\n    return func(*args, **kwargs)\n_ _ _ _ _ _ _ _ _ _ _ _ _ _ _ _ _ _ _ _ _ _ _ _ _ _ _ _ _ _ _ _ _ _ _ _ _ _ _ _ \n\ncontext = <utilities.context.ScenarioContext object at 0x7fc381f60290>\n\n    @when(\"same batch file is uploaded again in s3 bucket\")\n    @when(\"batch file is uploaded in s3 bucket\")\n    @ignore_local_run_set_test_data\n    def batch_file_upload_in_s3_bucket(context):\n        upload_file_to_S3(context)\n        print(f\"Batch file uploaded to S3: {context.filename}\")\n        fileIsMoved = wait_for_file_to_move_archive(context)\n>       assert fileIsMoved, \"File not found in archive after timeout\"\nE       AssertionError: File not found in archive after timeout\n\nfeatures/batchTests/Steps/batch_common_steps.py:95: AssertionError","flaky":false,"newFailed":false,"newBroken":false,"newPassed":false,"retriesCount":0,"retriesStatusChange":false,"beforeStages":[{"name":"setup_environment","time":{"start":1769187167314,"stop":1769187167315,"duration":1},"status":"passed","steps":[],"attachments":[],"parameters":[],"stepsCount":0,"shouldDisplayMessage":false,"attachmentsCount":0,"hasContent":false,"attachmentStep":false},{"name":"global_context","time":{"start":1769187167318,"stop":1769187169878,"duration":2560},"status":"passed","steps":[],"attachments":[],"parameters":[],"stepsCount":0,"shouldDisplayMessage":false,"attachmentsCount":0,"hasContent":false,"attachmentStep":false},{"name":"temp_apigee_apps","time":{"start":1769187169878,"stop":1769187169878,"duration":0},"status":"passed","steps":[],"attachments":[],"parameters":[],"stepsCount":0,"shouldDisplayMessage":false,"attachmentsCount":0,"hasContent":false,"attachmentStep":false},{"name":"_pytest_bdd_example","time":{"start":1769187498677,"stop":1769187498677,"duration":0},"status":"passed","steps":[],"attachments":[],"parameters":[],"stepsCount":0,"shouldDisplayMessage":false,"attachmentsCount":0,"hasContent":false,"attachmentStep":false},{"name":"context","time":{"start":1769187498679,"stop":1769187500095,"duration":1416},"status":"passed","steps":[],"attachments":[],"parameters":[],"stepsCount":0,"shouldDisplayMessage":false,"attachmentsCount":0,"hasContent":false,"attachmentStep":false}],"testStage":{"description":"/home/runner/work/immunisation-fhir-api/immunisation-fhir-api/tests/e2e_automation/features/batchTests/delete_batch.feature: Delete immunization event for a patient through batch file","status":"failed","statusMessage":"AssertionError: File not found in archive after timeout","statusTrace":"fixturefunc = <function batch_file_upload_in_s3_bucket at 0x7fc38568c4a0>\nrequest = <FixtureRequest for <Function test_delete_immunization_event_for_a_patient_through_batch_file>>\nkwargs = {'context': <utilities.context.ScenarioContext object at 0x7fc381f60290>}\n\n    def call_fixture_func(\n        fixturefunc: _FixtureFunc[FixtureValue], request: FixtureRequest, kwargs\n    ) -> FixtureValue:\n        if is_generator(fixturefunc):\n            fixturefunc = cast(\n                Callable[..., Generator[FixtureValue, None, None]], fixturefunc\n            )\n            generator = fixturefunc(**kwargs)\n            try:\n                fixture_result = next(generator)\n            except StopIteration:\n                raise ValueError(f\"{request.fixturename} did not yield a value\") from None\n            finalizer = functools.partial(_teardown_yield_fixture, fixturefunc, generator)\n            request.addfinalizer(finalizer)\n        else:\n            fixturefunc = cast(Callable[..., FixtureValue], fixturefunc)\n>           fixture_result = fixturefunc(**kwargs)\n\n/home/runner/.cache/pypoetry/virtualenvs/e2e-automation-vB3pK5nq-py3.11/lib/python3.11/site-packages/_pytest/fixtures.py:898: \n_ _ _ _ _ _ _ _ _ _ _ _ _ _ _ _ _ _ _ _ _ _ _ _ _ _ _ _ _ _ _ _ _ _ _ _ _ _ _ _ \nfeatures/batchTests/Steps/batch_common_steps.py:76: in wrapper\n    return func(*args, **kwargs)\n_ _ _ _ _ _ _ _ _ _ _ _ _ _ _ _ _ _ _ _ _ _ _ _ _ _ _ _ _ _ _ _ _ _ _ _ _ _ _ _ \n\ncontext = <utilities.context.ScenarioContext object at 0x7fc381f60290>\n\n    @when(\"same batch file is uploaded again in s3 bucket\")\n    @when(\"batch file is uploaded in s3 bucket\")\n    @ignore_local_run_set_test_data\n    def batch_file_upload_in_s3_bucket(context):\n        upload_file_to_S3(context)\n        print(f\"Batch file uploaded to S3: {context.filename}\")\n        fileIsMoved = wait_for_file_to_move_archive(context)\n>       assert fileIsMoved, \"File not found in archive after timeout\"\nE       AssertionError: File not found in archive after timeout\n\nfeatures/batchTests/Steps/batch_common_steps.py:95: AssertionError","steps":[],"attachments":[{"uid":"1283478644a8e89e","name":"Step Passed: batch file is created for below data as full dataset and each record has a valid delete record in the same file","source":"1283478644a8e89e.txt","type":"text/plain","size":130},{"uid":"f150214825a73b50","name":"Step Failed: batch file is uploaded in s3 bucket","source":"f150214825a73b50.txt","type":"text/plain","size":105},{"uid":"1cd4c25d04ff07e3","name":"stdout","source":"1cd4c25d04ff07e3.txt","type":"text/plain","size":1168}],"parameters":[],"stepsCount":0,"shouldDisplayMessage":true,"attachmentsCount":3,"hasContent":true,"attachmentStep":false},"afterStages":[{"name":"temp_apigee_apps::0","time":{"start":1769187749860,"stop":1769187749860,"duration":0},"status":"passed","steps":[],"attachments":[],"parameters":[],"stepsCount":0,"shouldDisplayMessage":false,"attachmentsCount":0,"hasContent":false,"attachmentStep":false}],"labels":[{"name":"epic","value":"Immunization Service"},{"name":"suite","value":"Create the immunization event for a patient through batch file and update the record from batch or Api calls"},{"name":"feature","value":"Create the immunization event for a patient through batch file and update the record from batch or Api calls"},{"name":"tag","value":"functional"},{"name":"tag","value":"smoke"},{"name":"tag","value":"vaccine_type_BCG"},{"name":"tag","value":"supplier_name_TPP"},{"name":"tag","value":"Delete_Batch_Feature"},{"name":"parentSuite","value":"features.batchTests.Steps"},{"name":"host","value":"runnervmymu0l"},{"name":"thread","value":"2762-MainThread"},{"name":"framework","value":"pytest"},{"name":"language","value":"cpython3"},{"name":"package","value":"features.batchTests.Steps.test_delete_batch_steps"},{"name":"resultFormat","value":"allure2"}],"parameters":[],"links":[],"hidden":false,"retry":false,"extra":{"severity":"normal","retries":[],"categories":[{"name":"Product defects","matchedStatuses":[],"flaky":false}],"tags":["functional","supplier_name_TPP","smoke","vaccine_type_BCG","Delete_Batch_Feature"]},"source":"b32794de9ee9529a.json","parameterValues":[]}