{"uid":"252c5b3b72dee7e2","name":"Verify that batch file record will ne unsuccessful if uses same or missing any unique identifier field","fullName":"features.batchTests.Steps.test_update_batch_steps#test_verify_that_batch_file_record_will_ne_unsuccessful_if_uses_same_or_missing_any_unique_identifier_field","historyId":"6710a357a58baa189a45bc2ae1582384","time":{"start":1770396307523,"stop":1770396352140,"duration":44617},"description":"/home/runner/work/immunisation-fhir-api/immunisation-fhir-api/tests/e2e_automation/features/batchTests/update_batch.feature: Verify that batch file record will ne unsuccessful if uses same or missing any unique identifier field","descriptionHtml":"<p>/home/runner/work/immunisation-fhir-api/immunisation-fhir-api/tests/e2e_automation/features/batchTests/update_batch.feature: Verify that batch file record will ne unsuccessful if uses same or missing any unique identifier field</p>\n","status":"failed","statusMessage":"AssertionError: Failed to validate JSON bus ack file failure records\nassert False","statusTrace":"fixturefunc = <function json_bus_ack_will_have_error_records_for_all_updated_records_in_batch_file at 0x7fb580b63ec0>\nrequest = <FixtureRequest for <Function test_verify_that_batch_file_record_will_ne_unsuccessful_if_uses_same_or_missing_any_unique_identifier_field>>\nkwargs = {'context': <utilities.context.ScenarioContext object at 0x7fb57d99edd0>}\n\n    def call_fixture_func(\n        fixturefunc: _FixtureFunc[FixtureValue], request: FixtureRequest, kwargs\n    ) -> FixtureValue:\n        if is_generator(fixturefunc):\n            fixturefunc = cast(\n                Callable[..., Generator[FixtureValue, None, None]], fixturefunc\n            )\n            generator = fixturefunc(**kwargs)\n            try:\n                fixture_result = next(generator)\n            except StopIteration:\n                raise ValueError(f\"{request.fixturename} did not yield a value\") from None\n            finalizer = functools.partial(_teardown_yield_fixture, fixturefunc, generator)\n            request.addfinalizer(finalizer)\n        else:\n            fixturefunc = cast(Callable[..., FixtureValue], fixturefunc)\n>           fixture_result = fixturefunc(**kwargs)\n\n/home/runner/.cache/pypoetry/virtualenvs/e2e-automation-vB3pK5nq-py3.11/lib/python3.11/site-packages/_pytest/fixtures.py:898: \n_ _ _ _ _ _ _ _ _ _ _ _ _ _ _ _ _ _ _ _ _ _ _ _ _ _ _ _ _ _ _ _ _ _ _ _ _ _ _ _ \n\ncontext = <utilities.context.ScenarioContext object at 0x7fb57d99edd0>\n\n    @then(\"json bus ack will have error records for all the updated records in the batch file\")\n    def json_bus_ack_will_have_error_records_for_all_updated_records_in_batch_file(context):\n        json_content = context.fileContentJson\n        assert json_content is not None, \"BUS Ack JSON content is None\"\n        validate_json_bus_ack_file_structure_and_metadata(context)\n        success = validate_json_bus_ack_file_failure_records(\n            context, expected_failure=True, use_username_for_error_lookup=True\n        )\n>       assert success, \"Failed to validate JSON bus ack file failure records\"\nE       AssertionError: Failed to validate JSON bus ack file failure records\nE       assert False\n\nfeatures/batchTests/Steps/test_update_batch_steps.py:198: AssertionError","flaky":false,"newFailed":true,"newBroken":false,"newPassed":false,"retriesCount":0,"retriesStatusChange":false,"beforeStages":[{"name":"setup_environment","time":{"start":1770396065887,"stop":1770396065888,"duration":1},"status":"passed","steps":[],"attachments":[],"parameters":[],"stepsCount":0,"shouldDisplayMessage":false,"attachmentsCount":0,"hasContent":false,"attachmentStep":false},{"name":"global_context","time":{"start":1770396065890,"stop":1770396070003,"duration":4113},"status":"passed","steps":[],"attachments":[],"parameters":[],"stepsCount":0,"shouldDisplayMessage":false,"attachmentsCount":0,"hasContent":false,"attachmentStep":false},{"name":"temp_apigee_apps","time":{"start":1770396070004,"stop":1770396080291,"duration":10287},"status":"passed","steps":[],"attachments":[],"parameters":[],"stepsCount":0,"shouldDisplayMessage":false,"attachmentsCount":0,"hasContent":false,"attachmentStep":false},{"name":"_pytest_bdd_example","time":{"start":1770396307523,"stop":1770396307523,"duration":0},"status":"passed","steps":[],"attachments":[],"parameters":[],"stepsCount":0,"shouldDisplayMessage":false,"attachmentsCount":0,"hasContent":false,"attachmentStep":false},{"name":"context","time":{"start":1770396307524,"stop":1770396310293,"duration":2769},"status":"passed","steps":[],"attachments":[],"parameters":[],"stepsCount":0,"shouldDisplayMessage":false,"attachmentsCount":0,"hasContent":false,"attachmentStep":false}],"testStage":{"description":"/home/runner/work/immunisation-fhir-api/immunisation-fhir-api/tests/e2e_automation/features/batchTests/update_batch.feature: Verify that batch file record will ne unsuccessful if uses same or missing any unique identifier field","status":"failed","statusMessage":"AssertionError: Failed to validate JSON bus ack file failure records\nassert False","statusTrace":"fixturefunc = <function json_bus_ack_will_have_error_records_for_all_updated_records_in_batch_file at 0x7fb580b63ec0>\nrequest = <FixtureRequest for <Function test_verify_that_batch_file_record_will_ne_unsuccessful_if_uses_same_or_missing_any_unique_identifier_field>>\nkwargs = {'context': <utilities.context.ScenarioContext object at 0x7fb57d99edd0>}\n\n    def call_fixture_func(\n        fixturefunc: _FixtureFunc[FixtureValue], request: FixtureRequest, kwargs\n    ) -> FixtureValue:\n        if is_generator(fixturefunc):\n            fixturefunc = cast(\n                Callable[..., Generator[FixtureValue, None, None]], fixturefunc\n            )\n            generator = fixturefunc(**kwargs)\n            try:\n                fixture_result = next(generator)\n            except StopIteration:\n                raise ValueError(f\"{request.fixturename} did not yield a value\") from None\n            finalizer = functools.partial(_teardown_yield_fixture, fixturefunc, generator)\n            request.addfinalizer(finalizer)\n        else:\n            fixturefunc = cast(Callable[..., FixtureValue], fixturefunc)\n>           fixture_result = fixturefunc(**kwargs)\n\n/home/runner/.cache/pypoetry/virtualenvs/e2e-automation-vB3pK5nq-py3.11/lib/python3.11/site-packages/_pytest/fixtures.py:898: \n_ _ _ _ _ _ _ _ _ _ _ _ _ _ _ _ _ _ _ _ _ _ _ _ _ _ _ _ _ _ _ _ _ _ _ _ _ _ _ _ \n\ncontext = <utilities.context.ScenarioContext object at 0x7fb57d99edd0>\n\n    @then(\"json bus ack will have error records for all the updated records in the batch file\")\n    def json_bus_ack_will_have_error_records_for_all_updated_records_in_batch_file(context):\n        json_content = context.fileContentJson\n        assert json_content is not None, \"BUS Ack JSON content is None\"\n        validate_json_bus_ack_file_structure_and_metadata(context)\n        success = validate_json_bus_ack_file_failure_records(\n            context, expected_failure=True, use_username_for_error_lookup=True\n        )\n>       assert success, \"Failed to validate JSON bus ack file failure records\"\nE       AssertionError: Failed to validate JSON bus ack file failure records\nE       assert False\n\nfeatures/batchTests/Steps/test_update_batch_steps.py:198: AssertionError","steps":[],"attachments":[{"uid":"249db090c6d62e5e","name":"Step Passed: I have created a valid vaccination record through API, where unique_id and unique_id_uri will be same as batch file record","source":"249db090c6d62e5e.txt","type":"text/plain","size":141},{"uid":"58b92744866f7840","name":"Step Passed: batch file created for below data as full dataset and record has same or missing unique identifier for API record","source":"58b92744866f7840.txt","type":"text/plain","size":132},{"uid":"6f8ebf48e15d874c","name":"Step Passed: batch file is uploaded in s3 bucket","source":"6f8ebf48e15d874c.txt","type":"text/plain","size":54},{"uid":"5f6b69fdb1578b3a","name":"Step Passed: file will be moved to destination bucket and inf ack file will be created","source":"5f6b69fdb1578b3a.txt","type":"text/plain","size":92},{"uid":"94d57b82a9a8bee4","name":"Step Passed: inf ack file has success status for processed batch file","source":"94d57b82a9a8bee4.txt","type":"text/plain","size":75},{"uid":"9a32874e2309fc74","name":"Step Passed: bus ack files will be created","source":"9a32874e2309fc74.txt","type":"text/plain","size":48},{"uid":"40478de1d2c81bbc","name":"Step Passed: csv bus ack will have error records for all the updated records in the batch file","source":"40478de1d2c81bbc.txt","type":"text/plain","size":100},{"uid":"5c2217741f7a0dbb","name":"Step Failed: json bus ack will have error records for all the updated records in the batch file","source":"5c2217741f7a0dbb.txt","type":"text/plain","size":178},{"uid":"bb628219c1db0c9e","name":"stdout","source":"bb628219c1db0c9e.txt","type":"text/plain","size":6669}],"parameters":[],"stepsCount":0,"shouldDisplayMessage":true,"attachmentsCount":9,"hasContent":true,"attachmentStep":false},"afterStages":[{"name":"temp_apigee_apps::0","time":{"start":1770396352222,"stop":1770396365348,"duration":13126},"status":"passed","steps":[],"attachments":[],"parameters":[],"stepsCount":0,"shouldDisplayMessage":false,"attachmentsCount":0,"hasContent":false,"attachmentStep":false}],"labels":[{"name":"epic","value":"Immunization Service"},{"name":"suite","value":"Create the immunization event for a patient through batch file and update the record from batch or Api calls"},{"name":"feature","value":"Create the immunization event for a patient through batch file and update the record from batch or Api calls"},{"name":"tag","value":"vaccine_type_HIB"},{"name":"tag","value":"supplier_name_EMIS"},{"name":"tag","value":"patient_id_Random"},{"name":"tag","value":"functional"},{"name":"tag","value":"Update_Batch_Feature"},{"name":"tag","value":"smoke"},{"name":"tag","value":"Delete_cleanUp"},{"name":"parentSuite","value":"features.batchTests.Steps"},{"name":"host","value":"runnervmwffz4"},{"name":"thread","value":"2557-MainThread"},{"name":"framework","value":"pytest"},{"name":"language","value":"cpython3"},{"name":"package","value":"features.batchTests.Steps.test_update_batch_steps"},{"name":"resultFormat","value":"allure2"}],"parameters":[],"links":[],"hidden":false,"retry":false,"extra":{"severity":"normal","retries":[],"categories":[{"name":"Product defects","matchedStatuses":[],"flaky":false}],"history":{"statistic":{"failed":1,"broken":1,"skipped":0,"passed":0,"unknown":0,"total":2},"items":[{"uid":"d4d176c79a2c20b5","reportUrl":"https://NHSDigital.github.io/immunisation-fhir-api/24/#testresult/d4d176c79a2c20b5","status":"broken","statusDetails":"AttributeError: 'dict' object has no attribute 'rowId'","time":{"start":1770389019989,"stop":1770389066695,"duration":46706}}]},"tags":["functional","vaccine_type_HIB","Update_Batch_Feature","smoke","patient_id_Random","supplier_name_EMIS","Delete_cleanUp"]},"source":"252c5b3b72dee7e2.json","parameterValues":[]}