{"uid":"a5036ba25c9240fa","name":"Verify that update will be successful when request is triggered by other supplier with authorize permission","fullName":"features.APITests.steps.test_update_steps#test_verify_that_update_will_be_successful_when_request_is_triggered_by_other_supplier_with_authorize_permission","historyId":"76ac16378afb4b3fb5d58cae772750e0","time":{"start":1770999502474,"stop":1770999503861,"duration":1387},"description":"/home/runner/work/immunisation-fhir-api/immunisation-fhir-api/tests/e2e_automation/features/APITests/update.feature: Verify that update will be successful when request is triggered by other supplier with authorize permission","descriptionHtml":"<p>/home/runner/work/immunisation-fhir-api/immunisation-fhir-api/tests/e2e_automation/features/APITests/update.feature: Verify that update will be successful when request is triggered by other supplier with authorize permission</p>\n","status":"failed","statusMessage":"AssertionError: \n Expected status code: 201, but got: 403. Response: {'resourceType': 'OperationOutcome', 'id': '609f081c-a7d6-4a0c-a957-b82f1406e1a3', 'meta': {'profile': ['https://simplifier.net/guide/UKCoreDevelopment2/ProfileUKCore-OperationOutcome']}, 'issue': [{'severity': 'error', 'code': 'forbidden', 'details': {'coding': [{'system': 'https://fhir.nhs.uk/Codesystem/http-error-codes', 'code': 'FORBIDDEN'}]}, 'diagnostics': 'Unauthorized request for vaccine type'}]}","statusTrace":"fixturefunc = <function valid_vaccination_record_is_created_by_supplier at 0x7f7cf8b791c0>\nrequest = <FixtureRequest for <Function test_verify_that_update_will_be_successful_when_request_is_triggered_by_other_supplier_with_authorize_permission>>\nkwargs = {'Supplier': 'Postman_Auth', 'context': <utilities.context.ScenarioContext object at 0x7f7cf76fc5d0>}\n\n    def call_fixture_func(\n        fixturefunc: _FixtureFunc[FixtureValue], request: FixtureRequest, kwargs\n    ) -> FixtureValue:\n        if is_generator(fixturefunc):\n            fixturefunc = cast(\n                Callable[..., Generator[FixtureValue, None, None]], fixturefunc\n            )\n            generator = fixturefunc(**kwargs)\n            try:\n                fixture_result = next(generator)\n            except StopIteration:\n                raise ValueError(f\"{request.fixturename} did not yield a value\") from None\n            finalizer = functools.partial(_teardown_yield_fixture, fixturefunc, generator)\n            request.addfinalizer(finalizer)\n        else:\n            fixturefunc = cast(Callable[..., FixtureValue], fixturefunc)\n>           fixture_result = fixturefunc(**kwargs)\n\n/home/runner/.cache/pypoetry/virtualenvs/e2e-automation-vB3pK5nq-py3.11/lib/python3.11/site-packages/_pytest/fixtures.py:898: \n_ _ _ _ _ _ _ _ _ _ _ _ _ _ _ _ _ _ _ _ _ _ _ _ _ _ _ _ _ _ _ _ _ _ _ _ _ _ _ _ \nfeatures/APITests/steps/common_steps.py:100: in valid_vaccination_record_is_created_by_supplier\n    validVaccinationRecordIsCreated(context)\nfeatures/APITests/steps/common_steps.py:93: in validVaccinationRecordIsCreated\n    The_request_will_have_status_code(context, 201)\n_ _ _ _ _ _ _ _ _ _ _ _ _ _ _ _ _ _ _ _ _ _ _ _ _ _ _ _ _ _ _ _ _ _ _ _ _ _ _ _ \n\ncontext = <utilities.context.ScenarioContext object at 0x7f7cf76fc5d0>\nstatusCode = 201\n\n    @then(parsers.parse(\"The request will be unsuccessful with the status code '{statusCode}'\"))\n    @then(parsers.parse(\"The request will be successful with the status code '{statusCode}'\"))\n    def The_request_will_have_status_code(context, statusCode):\n        print(context.response.status_code)\n        print(int(statusCode))\n>       assert context.response.status_code == int(statusCode), (\n            f\"\\n Expected status code: {statusCode}, but got: {context.response.status_code}. Response: {context.response.json()} \\n\"\n        )\nE       AssertionError: \nE        Expected status code: 201, but got: 403. Response: {'resourceType': 'OperationOutcome', 'id': '609f081c-a7d6-4a0c-a957-b82f1406e1a3', 'meta': {'profile': ['https://simplifier.net/guide/UKCoreDevelopment2/ProfileUKCore-OperationOutcome']}, 'issue': [{'severity': 'error', 'code': 'forbidden', 'details': {'coding': [{'system': 'https://fhir.nhs.uk/Codesystem/http-error-codes', 'code': 'FORBIDDEN'}]}, 'diagnostics': 'Unauthorized request for vaccine type'}]}\n\nfeatures/APITests/steps/common_steps.py:117: AssertionError","flaky":false,"newFailed":true,"newBroken":false,"newPassed":false,"retriesCount":0,"retriesStatusChange":false,"beforeStages":[{"name":"setup_environment","time":{"start":1770999173021,"stop":1770999173022,"duration":1},"status":"passed","steps":[],"attachments":[],"parameters":[],"stepsCount":0,"shouldDisplayMessage":false,"attachmentsCount":0,"hasContent":false,"attachmentStep":false},{"name":"global_context","time":{"start":1770999173024,"stop":1770999177287,"duration":4263},"status":"passed","steps":[],"attachments":[],"parameters":[],"stepsCount":0,"shouldDisplayMessage":false,"attachmentsCount":0,"hasContent":false,"attachmentStep":false},{"name":"temp_apigee_apps","time":{"start":1770999177287,"stop":1770999185432,"duration":8145},"status":"passed","steps":[],"attachments":[],"parameters":[],"stepsCount":0,"shouldDisplayMessage":false,"attachmentsCount":0,"hasContent":false,"attachmentStep":false},{"name":"_pytest_bdd_example","time":{"start":1770999502474,"stop":1770999502474,"duration":0},"status":"passed","steps":[],"attachments":[],"parameters":[],"stepsCount":0,"shouldDisplayMessage":false,"attachmentsCount":0,"hasContent":false,"attachmentStep":false},{"name":"context","time":{"start":1770999502475,"stop":1770999502475,"duration":0},"status":"passed","steps":[],"attachments":[],"parameters":[],"stepsCount":0,"shouldDisplayMessage":false,"attachmentsCount":0,"hasContent":false,"attachmentStep":false}],"testStage":{"description":"/home/runner/work/immunisation-fhir-api/immunisation-fhir-api/tests/e2e_automation/features/APITests/update.feature: Verify that update will be successful when request is triggered by other supplier with authorize permission","status":"failed","statusMessage":"AssertionError: \n Expected status code: 201, but got: 403. Response: {'resourceType': 'OperationOutcome', 'id': '609f081c-a7d6-4a0c-a957-b82f1406e1a3', 'meta': {'profile': ['https://simplifier.net/guide/UKCoreDevelopment2/ProfileUKCore-OperationOutcome']}, 'issue': [{'severity': 'error', 'code': 'forbidden', 'details': {'coding': [{'system': 'https://fhir.nhs.uk/Codesystem/http-error-codes', 'code': 'FORBIDDEN'}]}, 'diagnostics': 'Unauthorized request for vaccine type'}]}","statusTrace":"fixturefunc = <function valid_vaccination_record_is_created_by_supplier at 0x7f7cf8b791c0>\nrequest = <FixtureRequest for <Function test_verify_that_update_will_be_successful_when_request_is_triggered_by_other_supplier_with_authorize_permission>>\nkwargs = {'Supplier': 'Postman_Auth', 'context': <utilities.context.ScenarioContext object at 0x7f7cf76fc5d0>}\n\n    def call_fixture_func(\n        fixturefunc: _FixtureFunc[FixtureValue], request: FixtureRequest, kwargs\n    ) -> FixtureValue:\n        if is_generator(fixturefunc):\n            fixturefunc = cast(\n                Callable[..., Generator[FixtureValue, None, None]], fixturefunc\n            )\n            generator = fixturefunc(**kwargs)\n            try:\n                fixture_result = next(generator)\n            except StopIteration:\n                raise ValueError(f\"{request.fixturename} did not yield a value\") from None\n            finalizer = functools.partial(_teardown_yield_fixture, fixturefunc, generator)\n            request.addfinalizer(finalizer)\n        else:\n            fixturefunc = cast(Callable[..., FixtureValue], fixturefunc)\n>           fixture_result = fixturefunc(**kwargs)\n\n/home/runner/.cache/pypoetry/virtualenvs/e2e-automation-vB3pK5nq-py3.11/lib/python3.11/site-packages/_pytest/fixtures.py:898: \n_ _ _ _ _ _ _ _ _ _ _ _ _ _ _ _ _ _ _ _ _ _ _ _ _ _ _ _ _ _ _ _ _ _ _ _ _ _ _ _ \nfeatures/APITests/steps/common_steps.py:100: in valid_vaccination_record_is_created_by_supplier\n    validVaccinationRecordIsCreated(context)\nfeatures/APITests/steps/common_steps.py:93: in validVaccinationRecordIsCreated\n    The_request_will_have_status_code(context, 201)\n_ _ _ _ _ _ _ _ _ _ _ _ _ _ _ _ _ _ _ _ _ _ _ _ _ _ _ _ _ _ _ _ _ _ _ _ _ _ _ _ \n\ncontext = <utilities.context.ScenarioContext object at 0x7f7cf76fc5d0>\nstatusCode = 201\n\n    @then(parsers.parse(\"The request will be unsuccessful with the status code '{statusCode}'\"))\n    @then(parsers.parse(\"The request will be successful with the status code '{statusCode}'\"))\n    def The_request_will_have_status_code(context, statusCode):\n        print(context.response.status_code)\n        print(int(statusCode))\n>       assert context.response.status_code == int(statusCode), (\n            f\"\\n Expected status code: {statusCode}, but got: {context.response.status_code}. Response: {context.response.json()} \\n\"\n        )\nE       AssertionError: \nE        Expected status code: 201, but got: 403. Response: {'resourceType': 'OperationOutcome', 'id': '609f081c-a7d6-4a0c-a957-b82f1406e1a3', 'meta': {'profile': ['https://simplifier.net/guide/UKCoreDevelopment2/ProfileUKCore-OperationOutcome']}, 'issue': [{'severity': 'error', 'code': 'forbidden', 'details': {'coding': [{'system': 'https://fhir.nhs.uk/Codesystem/http-error-codes', 'code': 'FORBIDDEN'}]}, 'diagnostics': 'Unauthorized request for vaccine type'}]}\n\nfeatures/APITests/steps/common_steps.py:117: AssertionError","steps":[],"attachments":[{"uid":"b6242abb2289e27c","name":"Step Failed: valid vaccination record is created by 'Postman_Auth' supplier","source":"b6242abb2289e27c.txt","type":"text/plain","size":555},{"uid":"c3e0d204e7cc2168","name":"stdout","source":"c3e0d204e7cc2168.txt","type":"text/plain","size":3992}],"parameters":[],"stepsCount":0,"shouldDisplayMessage":true,"attachmentsCount":2,"hasContent":true,"attachmentStep":false},"afterStages":[{"name":"temp_apigee_apps::0","time":{"start":1770999542841,"stop":1770999555131,"duration":12290},"status":"passed","steps":[],"attachments":[],"parameters":[],"stepsCount":0,"shouldDisplayMessage":false,"attachmentsCount":0,"hasContent":false,"attachmentStep":false}],"labels":[{"name":"epic","value":"Immunization Service"},{"name":"suite","value":"Update the immunization of a patient"},{"name":"feature","value":"Update the immunization of a patient"},{"name":"tag","value":"smoke"},{"name":"tag","value":"functional"},{"name":"tag","value":"patient_id_Random"},{"name":"tag","value":"vaccine_type_ROTAVIRUS"},{"name":"tag","value":"Update_Feature"},{"name":"parentSuite","value":"features.APITests.steps"},{"name":"host","value":"runnervmjduv7"},{"name":"thread","value":"2518-MainThread"},{"name":"framework","value":"pytest"},{"name":"language","value":"cpython3"},{"name":"package","value":"features.APITests.steps.test_update_steps"},{"name":"resultFormat","value":"allure2"}],"parameters":[],"links":[],"hidden":false,"retry":false,"extra":{"severity":"normal","retries":[],"categories":[{"name":"Product defects","matchedStatuses":[],"flaky":false}],"history":{"statistic":{"failed":1,"broken":0,"skipped":0,"passed":5,"unknown":0,"total":6},"items":[{"uid":"64e7276d6bd35df1","reportUrl":"https://NHSDigital.github.io/immunisation-fhir-api/41/#testresult/64e7276d6bd35df1","status":"passed","time":{"start":1770798722757,"stop":1770798728207,"duration":5450}},{"uid":"919ff3c25407ff9f","reportUrl":"https://NHSDigital.github.io/immunisation-fhir-api/39/#testresult/919ff3c25407ff9f","status":"passed","time":{"start":1770751241858,"stop":1770751246157,"duration":4299}},{"uid":"5aea354bb4a0f5a5","reportUrl":"https://NHSDigital.github.io/immunisation-fhir-api/29/#testresult/5aea354bb4a0f5a5","status":"passed","time":{"start":1770397633373,"stop":1770397638243,"duration":4870}},{"uid":"17fc753e9ad09ba4","reportUrl":"https://NHSDigital.github.io/immunisation-fhir-api/22/#testresult/17fc753e9ad09ba4","status":"passed","time":{"start":1770209895278,"stop":1770209900364,"duration":5086}},{"uid":"c9cec4f431a63522","reportUrl":"https://NHSDigital.github.io/immunisation-fhir-api/19/#testresult/c9cec4f431a63522","status":"passed","time":{"start":1770118880428,"stop":1770118885471,"duration":5043}}]},"tags":["functional","Update_Feature","vaccine_type_ROTAVIRUS","smoke","patient_id_Random"]},"source":"a5036ba25c9240fa.json","parameterValues":[]}