{"uid":"52ab01a919c37cf3","name":"verify that vaccination record will be get rejected if Person nhs number, name and gender is invalid in batch file","fullName":"features.batchTests.Steps.test_create_batch_steps#test_verify_that_vaccination_record_will_be_get_rejected_if_person_nhs_number_name_and_gender_is_invalid_in_batch_file","historyId":"4a5570ecca2f32806c8b87174b4f6f04","time":{"start":1768988746128,"stop":1768988796945,"duration":50817},"description":"/home/runner/work/immunisation-fhir-api/immunisation-fhir-api/tests/e2e_automation/features/batchTests/create_batch.feature: verify that vaccination record will be get rejected if Person nhs number, name and gender is invalid in batch file","descriptionHtml":"<p>/home/runner/work/immunisation-fhir-api/immunisation-fhir-api/tests/e2e_automation/features/batchTests/create_batch.feature: verify that vaccination record will be get rejected if Person nhs number, name and gender is invalid in batch file</p>\n","status":"failed","statusMessage":"AssertionError: One or more records failed validation checks","statusTrace":"fixturefunc = <function all_record_are_rejected_for_given_field_name at 0x7fc5aae29c60>\nrequest = <FixtureRequest for <Function test_verify_that_vaccination_record_will_be_get_rejected_if_person_nhs_number_name_and_gender_is_invalid_in_batch_file>>\nkwargs = {'context': <utilities.context.ScenarioContext object at 0x7fc5a8c34490>}\n\n    def call_fixture_func(\n        fixturefunc: _FixtureFunc[FixtureValue], request: FixtureRequest, kwargs\n    ) -> FixtureValue:\n        if is_generator(fixturefunc):\n            fixturefunc = cast(\n                Callable[..., Generator[FixtureValue, None, None]], fixturefunc\n            )\n            generator = fixturefunc(**kwargs)\n            try:\n                fixture_result = next(generator)\n            except StopIteration:\n                raise ValueError(f\"{request.fixturename} did not yield a value\") from None\n            finalizer = functools.partial(_teardown_yield_fixture, fixturefunc, generator)\n            request.addfinalizer(finalizer)\n        else:\n            fixturefunc = cast(Callable[..., FixtureValue], fixturefunc)\n>           fixture_result = fixturefunc(**kwargs)\n\n/home/runner/.cache/pypoetry/virtualenvs/e2e-automation-vB3pK5nq-py3.11/lib/python3.11/site-packages/_pytest/fixtures.py:898: \n_ _ _ _ _ _ _ _ _ _ _ _ _ _ _ _ _ _ _ _ _ _ _ _ _ _ _ _ _ _ _ _ _ _ _ _ _ _ _ _ \n\ncontext = <utilities.context.ScenarioContext object at 0x7fc5a8c34490>\n\n    @then(\"all records are rejected in the bus ack file and no imms id is generated\")\n    def all_record_are_rejected_for_given_field_name(context):\n        file_rows = read_and_validate_bus_ack_file_content(context)\n        all_valid = validate_bus_ack_file_for_error(context, file_rows)\n>       assert all_valid, \"One or more records failed validation checks\"\nE       AssertionError: One or more records failed validation checks\n\nfeatures/batchTests/Steps/batch_common_steps.py:215: AssertionError","flaky":false,"newFailed":false,"newBroken":false,"newPassed":false,"retriesCount":0,"retriesStatusChange":false,"beforeStages":[{"name":"setup_environment","time":{"start":1768988419142,"stop":1768988419142,"duration":0},"status":"passed","steps":[],"attachments":[],"parameters":[],"stepsCount":0,"shouldDisplayMessage":false,"attachmentsCount":0,"hasContent":false,"attachmentStep":false},{"name":"global_context","time":{"start":1768988419144,"stop":1768988423217,"duration":4073},"status":"passed","steps":[],"attachments":[],"parameters":[],"stepsCount":0,"shouldDisplayMessage":false,"attachmentsCount":0,"hasContent":false,"attachmentStep":false},{"name":"temp_apigee_apps","time":{"start":1768988423218,"stop":1768988433282,"duration":10064},"status":"passed","steps":[],"attachments":[],"parameters":[],"stepsCount":0,"shouldDisplayMessage":false,"attachmentsCount":0,"hasContent":false,"attachmentStep":false},{"name":"_pytest_bdd_example","time":{"start":1768988746128,"stop":1768988746128,"duration":0},"status":"passed","steps":[],"attachments":[],"parameters":[],"stepsCount":0,"shouldDisplayMessage":false,"attachmentsCount":0,"hasContent":false,"attachmentStep":false},{"name":"context","time":{"start":1768988746129,"stop":1768988748129,"duration":2000},"status":"passed","steps":[],"attachments":[],"parameters":[],"stepsCount":0,"shouldDisplayMessage":false,"attachmentsCount":0,"hasContent":false,"attachmentStep":false}],"testStage":{"description":"/home/runner/work/immunisation-fhir-api/immunisation-fhir-api/tests/e2e_automation/features/batchTests/create_batch.feature: verify that vaccination record will be get rejected if Person nhs number, name and gender is invalid in batch file","status":"failed","statusMessage":"AssertionError: One or more records failed validation checks","statusTrace":"fixturefunc = <function all_record_are_rejected_for_given_field_name at 0x7fc5aae29c60>\nrequest = <FixtureRequest for <Function test_verify_that_vaccination_record_will_be_get_rejected_if_person_nhs_number_name_and_gender_is_invalid_in_batch_file>>\nkwargs = {'context': <utilities.context.ScenarioContext object at 0x7fc5a8c34490>}\n\n    def call_fixture_func(\n        fixturefunc: _FixtureFunc[FixtureValue], request: FixtureRequest, kwargs\n    ) -> FixtureValue:\n        if is_generator(fixturefunc):\n            fixturefunc = cast(\n                Callable[..., Generator[FixtureValue, None, None]], fixturefunc\n            )\n            generator = fixturefunc(**kwargs)\n            try:\n                fixture_result = next(generator)\n            except StopIteration:\n                raise ValueError(f\"{request.fixturename} did not yield a value\") from None\n            finalizer = functools.partial(_teardown_yield_fixture, fixturefunc, generator)\n            request.addfinalizer(finalizer)\n        else:\n            fixturefunc = cast(Callable[..., FixtureValue], fixturefunc)\n>           fixture_result = fixturefunc(**kwargs)\n\n/home/runner/.cache/pypoetry/virtualenvs/e2e-automation-vB3pK5nq-py3.11/lib/python3.11/site-packages/_pytest/fixtures.py:898: \n_ _ _ _ _ _ _ _ _ _ _ _ _ _ _ _ _ _ _ _ _ _ _ _ _ _ _ _ _ _ _ _ _ _ _ _ _ _ _ _ \n\ncontext = <utilities.context.ScenarioContext object at 0x7fc5a8c34490>\n\n    @then(\"all records are rejected in the bus ack file and no imms id is generated\")\n    def all_record_are_rejected_for_given_field_name(context):\n        file_rows = read_and_validate_bus_ack_file_content(context)\n        all_valid = validate_bus_ack_file_for_error(context, file_rows)\n>       assert all_valid, \"One or more records failed validation checks\"\nE       AssertionError: One or more records failed validation checks\n\nfeatures/batchTests/Steps/batch_common_steps.py:215: AssertionError","steps":[],"attachments":[{"uid":"a647ea081547e823","name":"Step Passed: batch file is created for below data where Person detail has invalid data","source":"a647ea081547e823.txt","type":"text/plain","size":92},{"uid":"4461d6fde47e5393","name":"Step Passed: batch file is uploaded in s3 bucket","source":"4461d6fde47e5393.txt","type":"text/plain","size":54},{"uid":"bd044cc61d21f6b2","name":"Step Passed: file will be moved to destination bucket and inf ack file will be created","source":"bd044cc61d21f6b2.txt","type":"text/plain","size":92},{"uid":"92e33435ceb4e9d8","name":"Step Passed: inf ack file has success status for processed batch file","source":"92e33435ceb4e9d8.txt","type":"text/plain","size":75},{"uid":"5de55b7f142d9983","name":"Step Passed: bus ack file will be created","source":"5de55b7f142d9983.txt","type":"text/plain","size":47},{"uid":"7911d974ee6409ee","name":"Step Failed: all records are rejected in the bus ack file and no imms id is generated","source":"7911d974ee6409ee.txt","type":"text/plain","size":147},{"uid":"681ee5043ac77c1d","name":"stdout","source":"681ee5043ac77c1d.txt","type":"text/plain","size":1596}],"parameters":[],"stepsCount":0,"shouldDisplayMessage":true,"attachmentsCount":7,"hasContent":true,"attachmentStep":false},"afterStages":[{"name":"temp_apigee_apps::0","time":{"start":1768989472283,"stop":1768989486473,"duration":14190},"status":"passed","steps":[],"attachments":[],"parameters":[],"stepsCount":0,"shouldDisplayMessage":false,"attachmentsCount":0,"hasContent":false,"attachmentStep":false}],"labels":[{"name":"epic","value":"Immunization Service"},{"name":"suite","value":"Create the immunization event for a patient through batch file"},{"name":"feature","value":"Create the immunization event for a patient through batch file"},{"name":"tag","value":"Create_Batch_Feature"},{"name":"tag","value":"functional"},{"name":"tag","value":"vaccine_type_FLU"},{"name":"tag","value":"supplier_name_MAVIS"},{"name":"parentSuite","value":"features.batchTests.Steps"},{"name":"host","value":"runnervmmtnos"},{"name":"thread","value":"2786-MainThread"},{"name":"framework","value":"pytest"},{"name":"language","value":"cpython3"},{"name":"package","value":"features.batchTests.Steps.test_create_batch_steps"},{"name":"resultFormat","value":"allure2"}],"parameters":[],"links":[],"hidden":false,"retry":false,"extra":{"severity":"normal","retries":[],"categories":[{"name":"Product defects","matchedStatuses":[],"flaky":false}],"tags":["vaccine_type_FLU","functional","Create_Batch_Feature","supplier_name_MAVIS"]},"source":"52ab01a919c37cf3.json","parameterValues":[]}